"C:\Program Files\AdoptOpenJDK\jdk-11.0.8.10-hotspot\bin\java.exe" -Dmaven.multiModuleProjectDirectory=S:\Work\workspaces\2021t3-Advanced-Java-Programming "-Dmaven.home=C:\Program Files\JetBrains\IntelliJ IDEA 2019.3.3\plugins\maven\lib\maven3" "-Dclassworlds.conf=C:\Program Files\JetBrains\IntelliJ IDEA 2019.3.3\plugins\maven\lib\maven3\bin\m2.conf" "-Dmaven.ext.class.path=C:\Program Files\JetBrains\IntelliJ IDEA 2019.3.3\plugins\maven\lib\maven-event-listener.jar" "-javaagent:C:\Program Files\JetBrains\IntelliJ IDEA 2019.3.3\lib\idea_rt.jar=55961:C:\Program Files\JetBrains\IntelliJ IDEA 2019.3.3\bin" -Dfile.encoding=UTF-8 -classpath "C:\Program Files\JetBrains\IntelliJ IDEA 2019.3.3\plugins\maven\lib\maven3\boot\plexus-classworlds-2.6.0.jar;C:\Program Files\JetBrains\IntelliJ IDEA 2019.3.3\plugins\maven\lib\maven3\boot\plexus-classworlds.license" org.codehaus.classworlds.Launcher -Didea.version=2021.2.2 install
[INFO] Scanning for projects...
[INFO]
[INFO] --------------------< fr.epita.quiz.mine:quiz-core >--------------------
[INFO] Building quiz-core 0.0.1-SNAPSHOT
[INFO] --------------------------------[ jar ]---------------------------------
[INFO]
[INFO] --- maven-resources-plugin:2.6:resources (default-resources) @ quiz-core ---
[WARNING] Using platform encoding (UTF-8 actually) to copy filtered resources, i.e. build is platform dependent!
[INFO] Copying 0 resource
[INFO]
[INFO] --- maven-compiler-plugin:3.1:compile (default-compile) @ quiz-core ---
[INFO] Changes detected - recompiling the module!
[WARNING] File encoding has not been set, using platform encoding UTF-8, i.e. build is platform dependent!
[INFO] Compiling 3 source files to S:\Work\workspaces\2021t3-Advanced-Java-Programming\target\classes
[INFO]
[INFO] --- maven-resources-plugin:2.6:testResources (default-testResources) @ quiz-core ---
[WARNING] Using platform encoding (UTF-8 actually) to copy filtered resources, i.e. build is platform dependent!
[INFO] Copying 1 resource
[INFO]
[INFO] --- maven-compiler-plugin:3.1:testCompile (default-testCompile) @ quiz-core ---
[INFO] Changes detected - recompiling the module!
[WARNING] File encoding has not been set, using platform encoding UTF-8, i.e. build is platform dependent!
[INFO] Compiling 2 source files to S:\Work\workspaces\2021t3-Advanced-Java-Programming\target\test-classes
[INFO]
[INFO] --- maven-surefire-plugin:2.12.4:test (default-test) @ quiz-core ---
[INFO] Surefire report directory: S:\Work\workspaces\2021t3-Advanced-Java-Programming\target\surefire-reports

-------------------------------------------------------
 T E S T S
-------------------------------------------------------
Running fr.epita.quiz.tests.TestJUnit
Tests run: 1, Failures: 0, Errors: 0, Skipped: 0, Time elapsed: 0.064 sec
Running fr.epita.sandbox.TestLog4J
2021-11-08 11:16:27,030 [main] INFO  fr.epita.sandbox.TestLog4J - this is an info
2021-11-08 11:16:27,037 [main] INFO  fr.epita.sandbox.TestLog4J - returning
Tests run: 1, Failures: 0, Errors: 0, Skipped: 0, Time elapsed: 0.482 sec

Results :

Tests run: 2, Failures: 0, Errors: 0, Skipped: 0

[INFO]
[INFO] --- maven-jar-plugin:2.4:jar (default-jar) @ quiz-core ---
[INFO] Building jar: S:\Work\workspaces\2021t3-Advanced-Java-Programming\target\quiz-core-0.0.1-SNAPSHOT.jar
[INFO]
[INFO] --- maven-install-plugin:2.4:install (default-install) @ quiz-core ---
[INFO] Installing S:\Work\workspaces\2021t3-Advanced-Java-Programming\target\quiz-core-0.0.1-SNAPSHOT.jar to C:\Users\User\.m2\repository\fr\epita\quiz\mine\quiz-core\0.0.1-SNAPSHOT\quiz-core-0.0.1-SNAPSHOT.jar
[INFO] Installing S:\Work\workspaces\2021t3-Advanced-Java-Programming\pom.xml to C:\Users\User\.m2\repository\fr\epita\quiz\mine\quiz-core\0.0.1-SNAPSHOT\quiz-core-0.0.1-SNAPSHOT.pom
[INFO] ------------------------------------------------------------------------
[INFO] BUILD SUCCESS
[INFO] ------------------------------------------------------------------------
[INFO] Total time:  3.716 s
[INFO] Finished at: 2021-11-08T11:16:27+01:00
[INFO] ------------------------------------------------------------------------

Process finished with exit code 0
